10:03:02:DEBUG:453800
10:03:07:CRITICAL:[31mInvalid Code![0m
10:03:22:DEBUG:642836
10:03:28:INFO:[93mYour code is valid, proceed on![0m
10:03:40:DEBUG:marvel
10:03:40:INFO:[32mSuccessfully inserted data into table![0m
10:03:42:ERROR:Exception NotRenderableError caught. Exiting....
Traceback (most recent call last):
  File "/run/media/marvel/data/Coding/Python-Password-Manager/src/passManager.py", line 185, in <module>
    server.get_info(c, user)
  File "/run/media/marvel/data/Coding/Python-Password-Manager/src/server.py", line 276, in get_info
    table.add_row(website_name[i], website_name[i], website_password[i])
  File "/home/marvel/.local/lib/python3.9/site-packages/rich/table.py", line 402, in add_row
    raise errors.NotRenderableError(
rich.errors.NotRenderableError: unable to render tuple; a string or other renderable object is required
10:05:19:DEBUG:662169
10:05:25:INFO:[93mYour code is valid, proceed on![0m
10:05:27:ERROR:Exception NotRenderableError caught. Exiting....
Traceback (most recent call last):
  File "/run/media/marvel/data/Coding/Python-Password-Manager/src/passManager.py", line 185, in <module>
    server.get_info(c, user)
  File "/run/media/marvel/data/Coding/Python-Password-Manager/src/server.py", line 278, in get_info
    table.add_row(website_name[i], website_name[i], website_password[i])
  File "/home/marvel/.local/lib/python3.9/site-packages/rich/table.py", line 402, in add_row
    raise errors.NotRenderableError(
rich.errors.NotRenderableError: unable to render bytes; a string or other renderable object is required
10:06:05:CRITICAL:[31mWrong Password![0m
10:06:18:DEBUG:606211
10:06:23:INFO:[93mYour code is valid, proceed on![0m
10:06:36:DEBUG:marvel
10:06:36:INFO:[32mSuccessfully inserted data into table![0m
10:06:43:INFO:[95mBye!
10:12:30:CRITICAL:[31mWrong Password![0m
10:12:40:CRITICAL:[31mWrong Master Password![0m
10:12:49:CRITICAL:[31mWrong Password![0m
10:12:56:CRITICAL:Exiting
10:13:08:CRITICAL:[31mWrong Password![0m
10:13:19:CRITICAL:[31mWrong Password![0m
10:13:29:CRITICAL:[31mWrong Master Password![0m
10:13:36:INFO:[32mWelcome to user setup.[0m
10:13:53:INFO:Passwords Table created
10:13:58:CRITICAL:[31mWrong Password![0m
10:14:13:CRITICAL:[31mWrong Password![0m
10:14:24:CRITICAL:[31mWrong Password![0m
10:15:16:CRITICAL:[31mWrong Password![0m
10:15:45:DEBUG:778930
10:15:51:INFO:[93mYour code is valid, proceed on![0m
10:16:03:INFO:[95mBye!
